<?xml version="1.0" encoding="UTF-8"?>
<!-- Generated by org.testng.reporters.JUnitReportReporter -->
<testsuite hostname="Gate6-70" name="Appium.Appum_PositivRadio.DebugTest" tests="1" failures="0" timestamp="14 Sep 2017 13:23:17 GMT" time="71.169" errors="0">
  <testcase name="AddTalkToLibrar" time="71.169" classname="Appium.Appum_PositivRadio.DebugTest"/>
</testsuite> <!-- Appium.Appum_PositivRadio.DebugTest -->
