<?xml version="1.0" encoding="UTF-8"?>
<!-- Generated by org.testng.reporters.JUnitReportReporter -->
<testsuite hostname="Gate6-70" name="Sprint5.SettingTest" tests="10" failures="0" timestamp="30 Oct 2017 13:52:26 GMT" time="60.965" errors="0">
  <testcase name="toggle_on_Library" time="0.175" classname="Sprint5.SettingTest"/>
  <testcase name="CheckMembershipType" time="0.110" classname="Sprint5.SettingTest"/>
  <testcase name="CheckSettingPageFromLibrary" time="27.055" classname="Sprint5.SettingTest"/>
  <testcase name="Privacy_Policy" time="4.082" classname="Sprint5.SettingTest"/>
  <testcase name="Check_DownloadAndRemove_Talk" time="15.673" classname="Sprint5.SettingTest"/>
  <testcase name="toggle_off_Library" time="0.652" classname="Sprint5.SettingTest"/>
  <testcase name="Terms_Conditions" time="4.798" classname="Sprint5.SettingTest"/>
  <testcase name="toggle_on_Browse" time="4.772" classname="Sprint5.SettingTest"/>
  <testcase name="CheckSettingPageFromBrowse" time="3.001" classname="Sprint5.SettingTest"/>
  <testcase name="toggle_off_Browse" time="0.647" classname="Sprint5.SettingTest"/>
</testsuite> <!-- Sprint5.SettingTest -->
