<?xml version="1.0" encoding="UTF-8"?>
<!-- Generated by org.testng.reporters.JUnitReportReporter -->
<testsuite hostname="Gate6-70" name="Appium.Appum_PositivRadio.AppTest" tests="1" failures="0" timestamp="24 Aug 2017 09:59:16 GMT" time="78.877" errors="0">
  <testcase name="loginTest" time="78.877" classname="Appium.Appum_PositivRadio.AppTest"/>
</testsuite> <!-- Appium.Appum_PositivRadio.AppTest -->
