<?xml version="1.0" encoding="UTF-8"?>
<!-- Generated by org.testng.reporters.JUnitReportReporter -->
<testsuite hostname="Gate6-70" name="Sprint5.LoginTest" tests="1" failures="0" timestamp="30 Oct 2017 08:48:04 GMT" time="44.652" errors="0">
  <testcase name="doLogin" time="44.652" classname="Sprint5.LoginTest"/>
</testsuite> <!-- Sprint5.LoginTest -->
